<?xml version="1.0" encoding="UTF-8"?>
<!-- Generated by org.testng.reporters.JUnitXMLReporter -->
<testsuite hostname="AniketS-PC" ignored="0" name="Test" tests="1" failures="1" timestamp="07 Mar 2019 15:11:15 GMT" time="21.018" errors="0">
  <testcase name="@AfterMethod exit" time="0.0" classname="com.gittest.Gittestmaven.Test1">
    <failure type="java.lang.NullPointerException">
      <![CDATA[java.lang.NullPointerException
at com.gittest.Gittestmaven.Test1.exit(Test1.java:29)
... Removed 28 stack frames]]>
    </failure>
  </testcase> <!-- @AfterMethod exit -->
  <testcase name="tests" time="0.047" classname="com.gittest.Gittestmaven.Test1">
    <failure type="java.lang.NullPointerException">
      <![CDATA[java.lang.NullPointerException
at com.gittest.Gittestmaven.Test1.tests(Test1.java:22)
... Removed 25 stack frames]]>
    </failure>
  </testcase> <!-- tests -->
</testsuite> <!-- Test -->
