<?xml version="1.0" encoding="UTF-8"?>
<testng-results skipped="0" failed="0" ignored="0" total="1" passed="1">
  <reporter-output>
  </reporter-output>
  <suite name="Suite" duration-ms="12646" started-at="2019-03-07T15:18:09Z" finished-at="2019-03-07T15:18:22Z">
    <groups>
    </groups>
    <test name="Test" duration-ms="12646" started-at="2019-03-07T15:18:09Z" finished-at="2019-03-07T15:18:22Z">
      <class name="com.gittest.Gittestmaven.Test1">
        <test-method status="PASS" signature="tests()[pri:0, instance:com.gittest.Gittestmaven.Test1@1bcffb5]" name="tests" duration-ms="12615" started-at="2019-03-07T15:18:09Z" finished-at="2019-03-07T15:18:22Z">
          <reporter-output>
          </reporter-output>
        </test-method> <!-- tests -->
      </class> <!-- com.gittest.Gittestmaven.Test1 -->
    </test> <!-- Test -->
  </suite> <!-- Suite -->
</testng-results>
