<?xml version="1.0" encoding="UTF-8"?>
<testng-results skipped="0" failed="0" ignored="0" total="1" passed="1">
  <reporter-output>
  </reporter-output>
  <suite name="Default suite" duration-ms="17050" started-at="2019-03-07T15:17:21Z" finished-at="2019-03-07T15:17:38Z">
    <groups>
    </groups>
    <test name="Default test" duration-ms="17050" started-at="2019-03-07T15:17:21Z" finished-at="2019-03-07T15:17:38Z">
      <class name="com.gittest.Gittestmaven.Test1">
        <test-method status="PASS" signature="tests()[pri:0, instance:com.gittest.Gittestmaven.Test1@1565ec2]" name="tests" duration-ms="17013" started-at="2019-03-07T15:17:21Z" finished-at="2019-03-07T15:17:38Z">
          <reporter-output>
          </reporter-output>
        </test-method> <!-- tests -->
      </class> <!-- com.gittest.Gittestmaven.Test1 -->
    </test> <!-- Default test -->
  </suite> <!-- Default suite -->
</testng-results>
